Determining if the include file pthread.h exists failed with the following output:
Change Dir: C:/Users/edselmalasig/Documents/GitHub/Virtuoso_Reality/lib-windows/glfw-3.2.1/build/CMakeFiles/CMakeTmp

Run Build Command:"C:/Program Files (x86)/MSBuild/14.0/bin/MSBuild.exe" "cmTC_9b413.vcxproj" "/p:Configuration=Debug" "/p:VisualStudioVersion=14.0"
Microsoft (R) Build Engine version 14.0.25420.1
Copyright (C) Microsoft Corporation. All rights reserved.

Build started 2/4/2017 2:31:20 PM.
The target "_ConvertPdbFiles" listed in a BeforeTargets attribute at "C:\Program Files (x86)\MSBuild\14.0\Microsoft.Common.targets\ImportAfter\Xamarin.Common.targets (34,37)" does not exist in the project, and will be ignored.
The target "_CollectPdbFiles" listed in an AfterTargets attribute at "C:\Program Files (x86)\MSBuild\14.0\Microsoft.Common.targets\ImportAfter\Xamarin.Common.targets (34,70)" does not exist in the project, and will be ignored.
The target "_CollectMdbFiles" listed in a BeforeTargets attribute at "C:\Program Files (x86)\MSBuild\14.0\Microsoft.Common.targets\ImportAfter\Xamarin.Common.targets (41,38)" does not exist in the project, and will be ignored.
The target "_CopyMdbFiles" listed in an AfterTargets attribute at "C:\Program Files (x86)\MSBuild\14.0\Microsoft.Common.targets\ImportAfter\Xamarin.Common.targets (41,71)" does not exist in the project, and will be ignored.
Project "C:\Users\edselmalasig\Documents\GitHub\Virtuoso_Reality\lib-windows\glfw-3.2.1\build\CMakeFiles\CMakeTmp\cmTC_9b413.vcxproj" on node 1 (default targets).
PrepareForBuild:
  Creating directory "cmTC_9b413.dir\Debug\".
  Creating directory "C:\Users\edselmalasig\Documents\GitHub\Virtuoso_Reality\lib-windows\glfw-3.2.1\build\CMakeFiles\CMakeTmp\Debug\".
  Creating directory "cmTC_9b413.dir\Debug\cmTC_9b413.tlog\".
InitializeBuildStatus:
  Creating "cmTC_9b413.dir\Debug\cmTC_9b413.tlog\unsuccessfulbuild" because "AlwaysCreate" was specified.
ClCompile:
  C:\Program Files (x86)\Microsoft Visual Studio 14.0\VC\bin\CL.exe /c /Zi /W3 /WX- /Od /Ob0 /Oy- /D WIN32 /D _WINDOWS /D _DEBUG /D "CMAKE_INTDIR=\"Debug\"" /D _MBCS /Gm- /RTC1 /MDd /GS /fp:precise /Zc:wchar_t /Zc:forScope /Zc:inline /Fo"cmTC_9b413.dir\Debug\\" /Fd"cmTC_9b413.dir\Debug\vc140.pdb" /Gd /TC /analyze- /errorReport:queue "C:\Users\edselmalasig\Documents\GitHub\Virtuoso_Reality\lib-windows\glfw-3.2.1\build\CMakeFiles\CMakeTmp\CheckIncludeFile.c"
  Microsoft (R) C/C++ Optimizing Compiler Version 19.00.24215.1 for x86
  Copyright (C) Microsoft Corporation.  All rights reserved.
  
  cl /c /Zi /W3 /WX- /Od /Ob0 /Oy- /D WIN32 /D _WINDOWS /D _DEBUG /D "CMAKE_INTDIR=\"Debug\"" /D _MBCS /Gm- /RTC1 /MDd /GS /fp:precise /Zc:wchar_t /Zc:forScope /Zc:inline /Fo"cmTC_9b413.dir\Debug\\" /Fd"cmTC_9b413.dir\Debug\vc140.pdb" /Gd /TC /analyze- /errorReport:queue "C:\Users\edselmalasig\Documents\GitHub\Virtuoso_Reality\lib-windows\glfw-3.2.1\build\CMakeFiles\CMakeTmp\CheckIncludeFile.c"
  
  CheckIncludeFile.c
C:\Users\edselmalasig\Documents\GitHub\Virtuoso_Reality\lib-windows\glfw-3.2.1\build\CMakeFiles\CMakeTmp\CheckIncludeFile.c(1): fatal error C1083: Cannot open include file: 'pthread.h': No such file or directory [C:\Users\edselmalasig\Documents\GitHub\Virtuoso_Reality\lib-windows\glfw-3.2.1\build\CMakeFiles\CMakeTmp\cmTC_9b413.vcxproj]
Done Building Project "C:\Users\edselmalasig\Documents\GitHub\Virtuoso_Reality\lib-windows\glfw-3.2.1\build\CMakeFiles\CMakeTmp\cmTC_9b413.vcxproj" (default targets) -- FAILED.

Build FAILED.

"C:\Users\edselmalasig\Documents\GitHub\Virtuoso_Reality\lib-windows\glfw-3.2.1\build\CMakeFiles\CMakeTmp\cmTC_9b413.vcxproj" (default target) (1) ->
(ClCompile target) -> 
  C:\Users\edselmalasig\Documents\GitHub\Virtuoso_Reality\lib-windows\glfw-3.2.1\build\CMakeFiles\CMakeTmp\CheckIncludeFile.c(1): fatal error C1083: Cannot open include file: 'pthread.h': No such file or directory [C:\Users\edselmalasig\Documents\GitHub\Virtuoso_Reality\lib-windows\glfw-3.2.1\build\CMakeFiles\CMakeTmp\cmTC_9b413.vcxproj]

    0 Warning(s)
    1 Error(s)

Time Elapsed 00:00:00.64


